<?xml version="1.0" encoding="UTF-8"?>
<!-- Generated by org.testng.reporters.JUnitReportReporter -->
<testsuite hostname="BSC-PF10PQMG" name="com.qa.tests.PostApiTest" tests="1" failures="0" timestamp="20 Jan 2020 10:27:58 GMT" time="1.902" errors="0">
  <testcase name="postMethodCallTest" time="1.902" classname="com.qa.tests.PostApiTest"/>
</testsuite> <!-- com.qa.tests.PostApiTest -->
