<?xml version="1.0" encoding="UTF-8"?>
<!-- Generated by org.testng.reporters.JUnitReportReporter -->
<testsuite hostname="BSC-PF10PQMG" name="com.qa.tests.GetApiTest" tests="2" failures="0" timestamp="20 Jan 2020 10:27:46 GMT" time="1.342" errors="0">
  <testcase name="getMethodCallTest" time="1.087" classname="com.qa.tests.GetApiTest"/>
  <testcase name="getMethodCallTestWithHeaders" time="0.255" classname="com.qa.tests.GetApiTest"/>
</testsuite> <!-- com.qa.tests.GetApiTest -->
